<?xml version="1.0" encoding="utf-8"?><testsuites name="pytest tests"><testsuite name="pytest" errors="0" failures="0" skipped="0" tests="10" time="2.273" timestamp="2026-05-16T05:31:47.408145+00:00" hostname="agent-env-861719f5-1e6a-4932-a54d-3642c94d0a72"><testcase classname="backend.tests.test_store_api.TestHealth" name="test_health_status" time="0.239" /><testcase classname="backend.tests.test_store_api.TestStoreCollections" name="test_collections_demo_fallback" time="0.235" /><testcase classname="backend.tests.test_store_api.TestStoreProducts" name="test_products_all" time="0.163" /><testcase classname="backend.tests.test_store_api.TestStoreProducts" name="test_products_by_collection[tech-2]" time="0.227" /><testcase classname="backend.tests.test_store_api.TestStoreProducts" name="test_products_by_collection[moda-2]" time="0.276" /><testcase classname="backend.tests.test_store_api.TestStoreProducts" name="test_products_by_collection[decoracao-2]" time="0.157" /><testcase classname="backend.tests.test_store_api.TestStoreProducts" name="test_products_by_collection[ferramentas-2]" time="0.152" /><testcase classname="backend.tests.test_store_api.TestStoreProducts" name="test_tech_specific_products" time="0.153" /><testcase classname="backend.tests.test_store_api.TestCheckoutFallback" name="test_checkout_demo_fallback_not_500" time="0.275" /><testcase classname="backend.tests.test_store_api.TestShopifyProxy" name="test_shopify_collections_returns_502" time="0.215" /></testsuite></testsuites>