<?xml version="1.0" encoding="utf-8"?><testsuites name="pytest tests"><testsuite name="pytest" errors="0" failures="0" skipped="0" tests="19" time="3.640" timestamp="2026-05-16T13:25:04.574793+00:00" hostname="agent-env-861719f5-1e6a-4932-a54d-3642c94d0a72"><testcase classname="backend.tests.test_store_api.TestHealth" name="test_health_status" time="0.249" /><testcase classname="backend.tests.test_store_api.TestStoreCollections" name="test_collections_from_shopify" time="0.305" /><testcase classname="backend.tests.test_store_api.TestStoreProducts" name="test_products_from_shopify" time="0.281" /><testcase classname="backend.tests.test_store_api.TestCheckoutShopify" name="test_checkout_returns_lojavirtualvision_url" time="1.018" /><testcase classname="backend.tests.test_store_api.TestNewsletter" name="test_subscribe_first_time" time="0.075" /><testcase classname="backend.tests.test_store_api.TestNewsletter" name="test_subscribe_duplicate_returns_already" time="0.067" /><testcase classname="backend.tests.test_store_api.TestNewsletter" name="test_subscribe_invalid_email[not-an-email]" time="0.067" /><testcase classname="backend.tests.test_store_api.TestNewsletter" name="test_subscribe_invalid_email[]" time="0.074" /><testcase classname="backend.tests.test_store_api.TestNewsletter" name="test_subscribe_invalid_email[abc@]" time="0.072" /><testcase classname="backend.tests.test_store_api.TestNewsletter" name="test_subscribe_invalid_email[noatsign.com]" time="0.068" /><testcase classname="backend.tests.test_store_api.TestNewsletter" name="test_subscribe_invalid_email[   ]" time="0.075" /><testcase classname="backend.tests.test_store_api.TestNewsletter" name="test_count_endpoint_increments" time="0.220" /><testcase classname="backend.tests.test_store_api.TestReviews" name="test_reviews_pt_default" time="0.073" /><testcase classname="backend.tests.test_store_api.TestReviews" name="test_reviews_en_localization" time="0.137" /><testcase classname="backend.tests.test_store_api.TestReviews" name="test_reviews_limit_3_sorted_desc" time="0.077" /><testcase classname="backend.tests.test_store_api.TestReviews" name="test_reviews_limit_caps_at_50" time="0.080" /><testcase classname="backend.tests.test_store_api.TestReviews" name="test_reviews_idempotent_seed" time="0.146" /><testcase classname="backend.tests.test_store_api.TestReviews" name="test_reviews_invalid_lang_falls_back_to_pt" time="0.069" /><testcase classname="backend.tests.test_store_api.TestShopifyProxy" name="test_shopify_collections_direct" time="0.241" /></testsuite></testsuites>